<?xml version="1.0" encoding="utf-8"?><testsuites name="pytest tests"><testsuite name="pytest" errors="0" failures="0" skipped="0" tests="10" time="0.736" timestamp="2025-06-12T10:21:09.685043-03:00" hostname="DESKTOP-OVVAVHT"><testcase classname="tests.test_analysis" name="test_analyze_file_returns_a_dictionary" time="0.011" /><testcase classname="tests.test_analysis" name="test_analyze_file_raises_error_for_nonexistent_fSile" time="0.002" /><testcase classname="tests.test_analysis" name="test_analyze_file_identifies_watertight_mesh" time="0.007" /><testcase classname="tests.test_analysis" name="test_analyze_file_identifies_non_watertight_mesh" time="0.005" /><testcase classname="tests.test_analysis" name="test_analyze_file_identifies_inverted_faces" time="0.006" /><testcase classname="tests.test_analysis_with_testrail.TestAnalysisWithTestrail" name="test_analyze_file_returns_dictionary" time="0.002" /><testcase classname="tests.test_analysis_with_testrail.TestAnalysisWithTestrail" name="test_analyze_nonexistent_file" time="0.001" /><testcase classname="tests.test_analysis_with_testrail.TestAnalysisWithTestrail" name="test_watertight_mesh_detection" time="0.001" /><testcase classname="tests.test_analysis_with_testrail.TestAnalysisWithTestrail" name="test_non_watertight_mesh_detection" time="0.001" /><testcase classname="tests.test_analysis_with_testrail.TestAnalysisWithTestrail" name="test_inverted_faces_detection" time="0.002" /></testsuite></testsuites>