<?xml version="1.0" encoding="utf-8"?><testsuites name="pytest tests"><testsuite name="pytest" errors="0" failures="0" skipped="0" tests="54" time="3.729" timestamp="2025-06-15T11:06:05.136618-03:00" hostname="DESKTOP-OVVAVHT"><testcase classname="tests.test__init__" name="test_init_database_success" time="0.005" /><testcase classname="tests.test__init__" name="test_init_database_failure" time="0.002" /><testcase classname="tests.test__init__" name="test_check_config_with_all_vars" time="0.009" /><testcase classname="tests.test__init__" name="test_check_config_missing_database_url" time="0.007" /><testcase classname="tests.test__init__" name="test_check_config_partial_vars" time="0.007" /><testcase classname="tests.test__init__" name="test_version_import" time="0.001" /><testcase classname="tests.test_analysis" name="test_analyze_file_returns_a_dictionary" time="0.008" /><testcase classname="tests.test_analysis" name="test_analyze_file_raises_error_for_nonexistent_file" time="0.002" /><testcase classname="tests.test_analysis" name="test_analyze_file_identifies_watertight_mesh" time="0.006" /><testcase classname="tests.test_analysis" name="test_analyze_file_identifies_non_watertight_mesh" time="0.005" /><testcase classname="tests.test_analysis" name="test_analyze_file_identifies_inverted_faces" time="0.005" /><testcase classname="tests.test_analysis" name="test_analyze_file_handles_invalid_file_format" time="0.003" /><testcase classname="tests.test_analysis_with_testrail.TestAnalysisWithTestrail" name="test_analyze_file_returns_dictionary" time="0.002" /><testcase classname="tests.test_analysis_with_testrail.TestAnalysisWithTestrail" name="test_analyze_nonexistent_file" time="0.002" /><testcase classname="tests.test_analysis_with_testrail.TestAnalysisWithTestrail" name="test_watertight_mesh_detection" time="0.001" /><testcase classname="tests.test_analysis_with_testrail.TestAnalysisWithTestrail" name="test_non_watertight_mesh_detection" time="0.002" /><testcase classname="tests.test_analysis_with_testrail.TestAnalysisWithTestrail" name="test_inverted_faces_detection" time="0.002" /><testcase classname="tests.test_api" name="test_read_root" time="0.034" /><testcase classname="tests.test_api" name="test_analyze_model_endpoint_invalid_file_format" time="0.013" /><testcase classname="tests.test_api" name="test_analyze_model_endpoint_valid_stl_file" time="0.015" /><testcase classname="tests.test_api" name="test_analyze_model_endpoint_internal_server_error_on_file_save" time="0.013" /><testcase classname="tests.test_api" name="test_analyze_model_endpoint_internal_server_error_on_analysis_unexpected_exception" time="0.010" /><testcase classname="tests.test_api" name="test_analyze_model_endpoint_file_cleanup_error" time="0.012" /><testcase classname="tests.test_api" name="test_analyze_model_endpoint_file_not_found_error_on_upload_creation" time="0.087" /><testcase classname="tests.test_api" name="test_analyze_model_endpoint_unsupported_mime_type" time="0.008" /><testcase classname="tests.test_api" name="test_analyze_model_endpoint_payload_too_large" time="0.148" /><testcase classname="tests.test_api" name="test_analyze_model_endpoint_empty_file" time="0.010" /><testcase classname="tests.test_api" name="test_analyze_model_internal_error_on_file_read" time="0.011" /><testcase classname="tests.test_crud" name="test_create_analysis_result_basic" time="0.119" /><testcase classname="tests.test_crud" name="test_create_analysis_result_with_all_fields" time="0.010" /><testcase classname="tests.test_crud" name="test_get_analysis_result" time="0.018" /><testcase classname="tests.test_crud" name="test_get_analysis_result_not_found" time="0.009" /><testcase classname="tests.test_crud" name="test_get_analysis_result_by_filename" time="0.121" /><testcase classname="tests.test_crud" name="test_get_analysis_result_by_filename_not_found" time="0.008" /><testcase classname="tests.test_crud" name="test_get_analysis_results_no_filters" time="0.062" /><testcase classname="tests.test_crud" name="test_get_analysis_results_with_pagination" time="0.072" /><testcase classname="tests.test_crud" name="test_get_analysis_results_watertight_filter" time="0.032" /><testcase classname="tests.test_crud" name="test_get_analysis_results_inverted_faces_filter" time="0.028" /><testcase classname="tests.test_crud" name="test_get_analysis_statistics_empty_db" time="0.034" /><testcase classname="tests.test_crud" name="test_get_analysis_statistics_with_data" time="0.049" /><testcase classname="tests.test_crud" name="test_delete_analysis_result_success" time="0.020" /><testcase classname="tests.test_crud" name="test_delete_analysis_result_not_found" time="0.009" /><testcase classname="tests.test_crud" name="test_update_analysis_result_success" time="0.021" /><testcase classname="tests.test_crud" name="test_update_analysis_result_not_found" time="0.007" /><testcase classname="tests.test_crud" name="test_update_analysis_result_invalid_field" time="0.022" /><testcase classname="tests.test_database" name="test_env_loading" time="0.001" /><testcase classname="tests.test_database" name="test_database_connection" time="0.053" /><testcase classname="tests.test_database" name="test_database_import" time="0.001" /><testcase classname="tests.test_database" name="test_create_tables_function_coverage" time="0.013" /><testcase classname="tests.test_database" name="test_create_analysis_result" time="0.021" /><testcase classname="tests.test_database" name="test_query_analysis_results" time="0.024" /><testcase classname="tests.test_database" name="test_model_methods" time="0.016" /><testcase classname="tests.test_database" name="test_database_url_not_defined_raises_error" time="0.011" /><testcase classname="tests.test_database" name="test_get_db_yields_session_and_closes" time="0.023" /></testsuite></testsuites>