<?xml version="1.0" encoding="utf-8"?><testsuites name="pytest tests"><testsuite name="pytest" errors="0" failures="0" skipped="0" tests="21" time="2.076" timestamp="2025-06-14T17:03:38.771683-03:00" hostname="DESKTOP-OVVAVHT"><testcase classname="tests.test_analysis" name="test_analyze_file_returns_a_dictionary" time="0.019" /><testcase classname="tests.test_analysis" name="test_analyze_file_raises_error_for_nonexistent_file" time="0.002" /><testcase classname="tests.test_analysis" name="test_analyze_file_identifies_watertight_mesh" time="0.005" /><testcase classname="tests.test_analysis" name="test_analyze_file_identifies_non_watertight_mesh" time="0.016" /><testcase classname="tests.test_analysis" name="test_analyze_file_identifies_inverted_faces" time="0.015" /><testcase classname="tests.test_analysis" name="test_analyze_file_handles_invalid_file_format" time="0.013" /><testcase classname="tests.test_analysis_with_testrail.TestAnalysisWithTestrail" name="test_analyze_file_returns_dictionary" time="0.001" /><testcase classname="tests.test_analysis_with_testrail.TestAnalysisWithTestrail" name="test_analyze_nonexistent_file" time="0.003" /><testcase classname="tests.test_analysis_with_testrail.TestAnalysisWithTestrail" name="test_watertight_mesh_detection" time="0.002" /><testcase classname="tests.test_analysis_with_testrail.TestAnalysisWithTestrail" name="test_non_watertight_mesh_detection" time="0.001" /><testcase classname="tests.test_analysis_with_testrail.TestAnalysisWithTestrail" name="test_inverted_faces_detection" time="0.001" /><testcase classname="tests.test_api" name="test_read_root" time="0.033" /><testcase classname="tests.test_api" name="test_analyze_model_endpoint_invalid_file_format" time="0.012" /><testcase classname="tests.test_api" name="test_analyze_model_endpoint_valid_stl_file" time="0.014" /><testcase classname="tests.test_api" name="test_analyze_model_endpoint_internal_server_error_on_upload_copy" time="0.016" /><testcase classname="tests.test_api" name="test_analyze_model_endpoint_internal_server_error_on_analysis_unexpected_exception" time="0.011" /><testcase classname="tests.test_api" name="test_analyze_model_endpoint_file_cleanup_error" time="0.014" /><testcase classname="tests.test_api" name="test_analyze_model_endpoint_file_not_found_error_on_upload_creation" time="0.007" /><testcase classname="tests.test_api" name="test_analyze_model_endpoint_unsupported_mime_type" time="0.007" /><testcase classname="tests.test_api" name="test_analyze_model_endpoint_payload_too_large" time="0.132" /><testcase classname="tests.test_api" name="test_analyze_model_endpoint_empty_file" time="0.008" /></testsuite></testsuites>