<?xml version="1.0" encoding="utf-8"?><testsuites name="pytest tests"><testsuite name="pytest" errors="0" failures="0" skipped="0" tests="36" time="12.798" timestamp="2025-06-17T19:03:11.313332+00:00" hostname="5f167b75bbfe"><testcase classname="tests.test__init__" name="test_version_import" time="0.004" /><testcase classname="tests.test__init__" name="test_check_config_all_present" time="0.002" /><testcase classname="tests.test__init__" name="test_check_config_database_url_missing" time="0.002" /><testcase classname="tests.test__init__" name="test_check_config_optional_missing" time="0.004" /><testcase classname="tests.test__init__" name="test_check_config_database_url_truncated" time="0.003" /><testcase classname="tests.test_analysis" name="test_analyze_file_identifies_watertight_mesh" time="0.024" /><testcase classname="tests.test_analysis" name="test_analyze_file_identifies_non_watertight_mesh" time="0.005" /><testcase classname="tests.test_analysis" name="test_analyze_file_identifies_inverted_faces" time="0.007" /><testcase classname="tests.test_analysis" name="test_analyze_file_raises_value_error_for_invalid_file" time="0.006" /><testcase classname="tests.test_analysis" name="test_analyze_file_raises_value_error_on_load_exception_non_existent_file" time="0.010" /><testcase classname="tests.test_analysis" name="test_analyze_file_handles_empty_trimesh_scene_mocked" time="0.012" /><testcase classname="tests.test_analysis" name="test_analyze_file_concatenates_trimesh_scene_with_geometry_mocked" time="0.007" /><testcase classname="tests.test_analysis_with_testrail" name="test_sends_passed_result_for_perfect_mesh" time="5.832" /><testcase classname="tests.test_analysis_with_testrail" name="test_sends_failed_result_for_open_mesh" time="5.391" /><testcase classname="tests.test_api" name="test_analyze_mesh_success_and_persistence" time="0.270" /><testcase classname="tests.test_api" name="test_upload_empty_file_returns_400" time="0.017" /><testcase classname="tests.test_api" name="test_upload_invalid_content_file_returns_400" time="0.014" /><testcase classname="tests.test_api" name="test_analyze_mesh_internal_server_error" time="0.035" /><testcase classname="tests.test_crud" name="test_create_and_get_analysis_result" time="0.099" /><testcase classname="tests.test_crud" name="test_get_analysis_results_with_filters" time="0.033" /><testcase classname="tests.test_crud" name="test_get_analysis_result_by_filename" time="0.023" /><testcase classname="tests.test_crud" name="test_get_statistics" time="0.053" /><testcase classname="tests.test_crud" name="test_delete_analysis_result" time="0.012" /><testcase classname="tests.test_crud" name="test_update_analysis_result" time="0.016" /><testcase classname="tests.test_crud" name="test_delete_nonexistent_result" time="0.008" /><testcase classname="tests.test_crud" name="test_update_nonexistent_result" time="0.022" /><testcase classname="tests.test_database" name="test_database_connection" time="0.139" /><testcase classname="tests.test_database" name="test_get_db_closes_session" time="0.005" /><testcase classname="tests.test_database" name="test_get_db_closes_session_on_exception" time="0.007" /><testcase classname="tests.test_database" name="test_database_url_is_none_raises_error" time="0.007" /><testcase classname="tests.test_database" name="test_invalid_database_url_raises_error_and_logs" time="0.006" /><testcase classname="tests.test_database" name="test_create_tables" time="0.080" /><testcase classname="tests.test_database" name="test_drop_tables" time="0.031" /><testcase classname="tests.test_models" name="test_analysis_result_db_repr" time="0.002" /><testcase classname="tests.test_models" name="test_analysis_result_db_to_dict_full_fields" time="0.084" /><testcase classname="tests.test_models" name="test_analysis_result_db_to_dict_nullable_fields" time="0.029" /></testsuite></testsuites>