<?xml version="1.0" encoding="utf-8"?><testsuites name="pytest tests"><testsuite name="pytest" errors="0" failures="0" skipped="0" tests="19" time="12.012" timestamp="2025-06-17T01:02:51.892769+00:00" hostname="ab9c5fd4c40f"><testcase classname="tests.test__init__" name="test_check_config_with_database_url" time="0.010" /><testcase classname="tests.test__init__" name="test_version_import" time="0.002" /><testcase classname="tests.test_analysis" name="test_analyze_file_identifies_watertight_mesh" time="0.006" /><testcase classname="tests.test_analysis" name="test_analyze_file_identifies_non_watertight_mesh" time="0.009" /><testcase classname="tests.test_analysis" name="test_analyze_file_identifies_inverted_faces" time="0.004" /><testcase classname="tests.test_analysis" name="test_analyze_file_raises_value_error_for_invalid_file" time="0.004" /><testcase classname="tests.test_analysis" name="test_analyze_file_raises_error_for_nonexistent_file" time="0.007" /><testcase classname="tests.test_analysis_with_testrail" name="test_sends_passed_result_for_perfect_mesh" time="5.766" /><testcase classname="tests.test_analysis_with_testrail" name="test_sends_failed_result_for_open_mesh" time="5.358" /><testcase classname="tests.test_api" name="test_analyze_mesh_success_and_persistence" time="0.256" /><testcase classname="tests.test_api" name="test_upload_empty_file_returns_400" time="0.017" /><testcase classname="tests.test_api" name="test_upload_invalid_content_file_returns_400" time="0.015" /><testcase classname="tests.test_crud" name="test_create_and_get_analysis_result" time="0.026" /><testcase classname="tests.test_crud" name="test_get_analysis_results_with_filters" time="0.018" /><testcase classname="tests.test_crud" name="test_get_analysis_result_by_filename" time="0.019" /><testcase classname="tests.test_crud" name="test_get_statistics" time="0.069" /><testcase classname="tests.test_crud" name="test_delete_analysis_result" time="0.017" /><testcase classname="tests.test_crud" name="test_update_analysis_result" time="0.025" /><testcase classname="tests.test_database" name="test_database_connection" time="0.033" /></testsuite></testsuites>