<?xml version="1.0" encoding="utf-8"?><testsuites name="pytest tests"><testsuite name="pytest" errors="0" failures="0" skipped="0" tests="19" time="11.765" timestamp="2025-06-17T00:04:41.572526+00:00" hostname="e74f9135afc3"><testcase classname="tests.test__init__" name="test_check_config_with_database_url" time="0.009" /><testcase classname="tests.test__init__" name="test_version_import" time="0.001" /><testcase classname="tests.test_analysis" name="test_analyze_file_identifies_watertight_mesh" time="0.009" /><testcase classname="tests.test_analysis" name="test_analyze_file_identifies_non_watertight_mesh" time="0.004" /><testcase classname="tests.test_analysis" name="test_analyze_file_identifies_inverted_faces" time="0.016" /><testcase classname="tests.test_analysis" name="test_analyze_file_raises_value_error_for_invalid_file" time="0.005" /><testcase classname="tests.test_analysis" name="test_analyze_file_raises_error_for_nonexistent_file" time="0.003" /><testcase classname="tests.test_analysis_with_testrail" name="test_sends_passed_result_for_perfect_mesh" time="5.449" /><testcase classname="tests.test_analysis_with_testrail" name="test_sends_failed_result_for_open_mesh" time="5.561" /><testcase classname="tests.test_api" name="test_analyze_mesh_success_and_persistence" time="0.206" /><testcase classname="tests.test_api" name="test_upload_empty_file_returns_400" time="0.009" /><testcase classname="tests.test_api" name="test_upload_invalid_content_file_returns_400" time="0.014" /><testcase classname="tests.test_crud" name="test_create_and_get_analysis_result" time="0.011" /><testcase classname="tests.test_crud" name="test_get_analysis_results_with_filters" time="0.019" /><testcase classname="tests.test_crud" name="test_get_analysis_result_by_filename" time="0.013" /><testcase classname="tests.test_crud" name="test_get_statistics" time="0.044" /><testcase classname="tests.test_crud" name="test_delete_analysis_result" time="0.010" /><testcase classname="tests.test_crud" name="test_update_analysis_result" time="0.014" /><testcase classname="tests.test_database" name="test_database_connection" time="0.020" /></testsuite></testsuites>