<?xml version="1.0" encoding="utf-8"?><testsuites name="pytest tests"><testsuite name="pytest" errors="0" failures="0" skipped="0" tests="34" time="12.829" timestamp="2025-06-18T20:53:53.917172+00:00" hostname="461674f4b24b"><testcase classname="tests.test__init__" name="test_version_import" time="0.003" /><testcase classname="tests.test__init__" name="test_check_config_all_present" time="0.012" /><testcase classname="tests.test__init__" name="test_check_config_database_url_missing" time="0.002" /><testcase classname="tests.test__init__" name="test_check_config_optional_missing" time="0.002" /><testcase classname="tests.test__init__" name="test_check_config_database_url_truncated" time="0.003" /><testcase classname="tests.test_analysis" name="test_analyze_file_identifies_watertight_mesh" time="0.010" /><testcase classname="tests.test_analysis" name="test_analyze_file_identifies_non_watertight_mesh" time="0.005" /><testcase classname="tests.test_analysis" name="test_analyze_file_identifies_inverted_faces" time="0.010" /><testcase classname="tests.test_analysis" name="test_analyze_file_raises_value_error_for_invalid_file" time="0.005" /><testcase classname="tests.test_analysis" name="test_analyze_file_raises_value_error_on_load_exception_non_existent_file" time="0.010" /><testcase classname="tests.test_analysis" name="test_analyze_file_handles_empty_trimesh_scene_mocked" time="0.013" /><testcase classname="tests.test_analysis" name="test_analyze_file_concatenates_trimesh_scene_with_geometry_mocked" time="0.007" /><testcase classname="tests.test_analysis_with_testrail" name="test_sends_passed_result_for_perfect_mesh" time="5.802" /><testcase classname="tests.test_analysis_with_testrail" name="test_sends_failed_result_for_open_mesh" time="5.657" /><testcase classname="tests.test_api" name="test_analyze_mesh_success_and_persistence" time="0.225" /><testcase classname="tests.test_api" name="test_upload_empty_file_returns_400" time="0.009" /><testcase classname="tests.test_api" name="test_upload_invalid_content_file_returns_400" time="0.010" /><testcase classname="tests.test_api" name="test_analyze_mesh_internal_server_error" time="0.050" /><testcase classname="tests.test_crud" name="test_create_and_get_analysis_result" time="0.130" /><testcase classname="tests.test_crud" name="test_get_analysis_results_with_filters" time="0.034" /><testcase classname="tests.test_crud" name="test_get_analysis_result_by_filename" time="0.021" /><testcase classname="tests.test_crud" name="test_get_statistics" time="0.055" /><testcase classname="tests.test_crud" name="test_delete_analysis_result" time="0.015" /><testcase classname="tests.test_crud" name="test_update_analysis_result" time="0.012" /><testcase classname="tests.test_crud" name="test_delete_nonexistent_result" time="0.011" /><testcase classname="tests.test_crud" name="test_update_nonexistent_result" time="0.018" /><testcase classname="tests.test_database" name="test_database_connection" time="0.032" /><testcase classname="tests.test_database" name="test_get_db_closes_session" time="0.004" /><testcase classname="tests.test_database" name="test_create_and_drop_tables" time="0.015" /><testcase classname="tests.test_database" name="test_database_url_is_none_raises_error" time="0.017" /><testcase classname="tests.test_database" name="test_create_engine_fails_logs_and_raises_exception" time="0.015" /><testcase classname="tests.test_models" name="test_analysis_result_db_repr" time="0.003" /><testcase classname="tests.test_models" name="test_analysis_result_db_to_dict_full_fields" time="0.157" /><testcase classname="tests.test_models" name="test_analysis_result_db_to_dict_nullable_fields" time="0.025" /></testsuite></testsuites>